<?xml version="1.0" encoding="UTF-8"?>
<robot generator="Robot 5.0.1 (Python 3.10.4 on darwin)" generated="20220622 14:40:58.750" rpa="false" schemaversion="3">
<suite id="s1" name="RegistrationTest" source="/Users/abeertarek/PycharmProjects/Instabug_task/TestCases/RegistrationTest.robot">
<test id="s1-t1" name="FacebookRegisteration" line="22">
<try>
<branch type="TRY">
<kw name="Open my browser" library="RegistrationKeywords">
<arg>${LoginUrl}</arg>
<arg>${browser}</arg>
<kw name="Open Browser" library="SeleniumLibrary">
<arg>${LoginUrl}</arg>
<arg>${browser}</arg>
<doc>Opens a new browser instance to the optional ``url``.</doc>
<msg timestamp="20220622 14:40:59.027" level="INFO">Opening browser 'chrome' to base url 'https://en-gb.facebook.com/'.</msg>
<status status="PASS" starttime="20220622 14:40:59.027" endtime="20220622 14:41:03.680"/>
</kw>
<kw name="Maximize Browser Window" library="SeleniumLibrary">
<doc>Maximizes current browser window.</doc>
<status status="PASS" starttime="20220622 14:41:03.680" endtime="20220622 14:41:03.815"/>
</kw>
<status status="PASS" starttime="20220622 14:40:59.026" endtime="20220622 14:41:03.815"/>
</kw>
<kw name="Sleep" library="BuiltIn">
<arg>10s</arg>
<doc>Pauses the test executed for the given time.</doc>
<msg timestamp="20220622 14:41:13.817" level="INFO">Slept 10 seconds</msg>
<status status="PASS" starttime="20220622 14:41:03.815" endtime="20220622 14:41:13.817"/>
</kw>
<kw name="Click Create New Account" library="RegistrationKeywords">
<kw name="Click Element" library="SeleniumLibrary">
<arg>${btn_create_new_account}</arg>
<doc>Click the element identified by ``locator``.</doc>
<msg timestamp="20220622 14:41:13.818" level="INFO">Clicking element 'xpath://*[text()='Create New Account']'.</msg>
<status status="PASS" starttime="20220622 14:41:13.818" endtime="20220622 14:41:13.873"/>
</kw>
<status status="PASS" starttime="20220622 14:41:13.817" endtime="20220622 14:41:13.873"/>
</kw>
<kw name="Sleep" library="BuiltIn">
<arg>3s</arg>
<doc>Pauses the test executed for the given time.</doc>
<msg timestamp="20220622 14:41:16.873" level="INFO">Slept 3 seconds</msg>
<status status="PASS" starttime="20220622 14:41:13.873" endtime="20220622 14:41:16.874"/>
</kw>
<kw name="Enter First Name" library="RegistrationKeywords">
<arg>${First_Name}</arg>
<kw name="Input Text" library="SeleniumLibrary">
<arg>${txt_first_name}</arg>
<arg>${firstName}</arg>
<doc>Types the given ``text`` into the text field identified by ``locator``.</doc>
<msg timestamp="20220622 14:41:16.875" level="INFO">Typing text 'hassan' into text field 'name:firstname'.</msg>
<status status="PASS" starttime="20220622 14:41:16.874" endtime="20220622 14:41:16.985"/>
</kw>
<status status="PASS" starttime="20220622 14:41:16.874" endtime="20220622 14:41:16.985"/>
</kw>
<kw name="Enter Last Name" library="RegistrationKeywords">
<arg>${Last_Name}</arg>
<kw name="Input Text" library="SeleniumLibrary">
<arg>${txt_last_name}</arg>
<arg>${lastName}</arg>
<doc>Types the given ``text`` into the text field identified by ``locator``.</doc>
<msg timestamp="20220622 14:41:16.986" level="INFO">Typing text 'Tarek' into text field 'name:lastname'.</msg>
<status status="PASS" starttime="20220622 14:41:16.986" endtime="20220622 14:41:17.094"/>
</kw>
<status status="PASS" starttime="20220622 14:41:16.986" endtime="20220622 14:41:17.094"/>
</kw>
<kw name="Enter Registration Email" library="RegistrationKeywords">
<arg>${Registration_Email}</arg>
<kw name="Input Text" library="SeleniumLibrary">
<arg>${txt_reg_email}</arg>
<arg>${registrationEmail}</arg>
<doc>Types the given ``text`` into the text field identified by ``locator``.</doc>
<msg timestamp="20220622 14:41:17.096" level="INFO">Typing text 'hassan_tarek@yahoo.com' into text field 'name:reg_email__'.</msg>
<status status="PASS" starttime="20220622 14:41:17.095" endtime="20220622 14:41:17.268"/>
</kw>
<status status="PASS" starttime="20220622 14:41:17.095" endtime="20220622 14:41:17.268"/>
</kw>
<kw name="Sleep" library="BuiltIn">
<arg>3s</arg>
<doc>Pauses the test executed for the given time.</doc>
<msg timestamp="20220622 14:41:20.271" level="INFO">Slept 3 seconds</msg>
<status status="PASS" starttime="20220622 14:41:17.268" endtime="20220622 14:41:20.271"/>
</kw>
<kw name="Enter Registration Email Confirmation" library="RegistrationKeywords">
<arg>${Registration_Email_Confirmation}</arg>
<kw name="Input Text" library="SeleniumLibrary">
<arg>${txt_reg_email_confirmation}</arg>
<arg>${registrationEmailConfirmation}</arg>
<doc>Types the given ``text`` into the text field identified by ``locator``.</doc>
<msg timestamp="20220622 14:41:20.272" level="INFO">Typing text 'hassan_tarek@yahoo.com' into text field 'name:reg_email_confirmation__'.</msg>
<status status="PASS" starttime="20220622 14:41:20.272" endtime="20220622 14:41:20.428"/>
</kw>
<status status="PASS" starttime="20220622 14:41:20.271" endtime="20220622 14:41:20.428"/>
</kw>
<kw name="Enter Registration Password" library="RegistrationKeywords">
<arg>${Valid_Registration_Pwd}</arg>
<kw name="Input Text" library="SeleniumLibrary">
<arg>${txt_reg_password}</arg>
<arg>${registrationPassword}</arg>
<doc>Types the given ``text`` into the text field identified by ``locator``.</doc>
<msg timestamp="20220622 14:41:20.430" level="INFO">Typing text '2525_Bero' into text field 'id:password_step_input'.</msg>
<status status="PASS" starttime="20220622 14:41:20.429" endtime="20220622 14:41:20.533"/>
</kw>
<status status="PASS" starttime="20220622 14:41:20.429" endtime="20220622 14:41:20.534"/>
</kw>
<kw name="Select Day" library="RegistrationKeywords">
<arg>${Day}</arg>
<kw name="Select From List By Index" library="SeleniumLibrary">
<arg>${ddl_day}</arg>
<arg>${day}</arg>
<doc>Selects options from selection list ``locator`` by ``indexes``.</doc>
<msg timestamp="20220622 14:41:20.535" level="INFO">Selecting options from selection list 'name=birthday_day' by index 1.</msg>
<status status="PASS" starttime="20220622 14:41:20.534" endtime="20220622 14:41:20.661"/>
</kw>
<status status="PASS" starttime="20220622 14:41:20.534" endtime="20220622 14:41:20.661"/>
</kw>
<kw name="Select Month" library="RegistrationKeywords">
<arg>${Month}</arg>
<kw name="Select From List By Index" library="SeleniumLibrary">
<arg>${ddl_month}</arg>
<arg>${month}</arg>
<doc>Selects options from selection list ``locator`` by ``indexes``.</doc>
<msg timestamp="20220622 14:41:20.662" level="INFO">Selecting options from selection list 'name:birthday_month' by index 2.</msg>
<status status="PASS" starttime="20220622 14:41:20.662" endtime="20220622 14:41:20.759"/>
</kw>
<status status="PASS" starttime="20220622 14:41:20.661" endtime="20220622 14:41:20.760"/>
</kw>
<kw name="Select Year" library="RegistrationKeywords">
<arg>${Year}</arg>
<kw name="Select From List By Index" library="SeleniumLibrary">
<arg>${ddl_year}</arg>
<arg>${year}</arg>
<doc>Selects options from selection list ``locator`` by ``indexes``.</doc>
<msg timestamp="20220622 14:41:20.761" level="INFO">Selecting options from selection list 'name:birthday_year' by index 100.</msg>
<status status="PASS" starttime="20220622 14:41:20.761" endtime="20220622 14:41:21.548"/>
</kw>
<status status="PASS" starttime="20220622 14:41:20.760" endtime="20220622 14:41:21.548"/>
</kw>
<kw name="Select Radio Button" library="SeleniumLibrary">
<arg>sex</arg>
<arg>1</arg>
<doc>Sets the radio button group ``group_name`` to ``value``.</doc>
<msg timestamp="20220622 14:41:21.549" level="INFO">Selecting '1' from radio button 'sex'.</msg>
<status status="PASS" starttime="20220622 14:41:21.549" endtime="20220622 14:41:21.604"/>
</kw>
<kw name="click Sign Up" library="RegistrationKeywords">
<kw name="Click Button" library="SeleniumLibrary">
<arg>${btn_Sign_up}</arg>
<doc>Clicks the button identified by ``locator``.</doc>
<msg timestamp="20220622 14:41:21.605" level="INFO">Clicking button 'name:websubmit'.</msg>
<status status="PASS" starttime="20220622 14:41:21.604" endtime="20220622 14:41:21.664"/>
</kw>
<status status="PASS" starttime="20220622 14:41:21.604" endtime="20220622 14:41:21.664"/>
</kw>
<kw name="Sleep" library="BuiltIn">
<arg>50s</arg>
<doc>Pauses the test executed for the given time.</doc>
<msg timestamp="20220622 14:42:11.666" level="INFO">Slept 50 seconds</msg>
<status status="PASS" starttime="20220622 14:41:21.664" endtime="20220622 14:42:11.666"/>
</kw>
<kw name="Verify Successful Sign up" library="RegistrationKeywords">
<kw name="Wait Until Page Contains Element" library="SeleniumLibrary">
<arg>class=uiHeaderTitle</arg>
<doc>Waits until the element ``locator`` appears on the current page.</doc>
<status status="PASS" starttime="20220622 14:42:11.666" endtime="20220622 14:42:11.708"/>
</kw>
<kw name="Page Should Contain Element" library="SeleniumLibrary">
<arg>class=uiHeaderTitle</arg>
<doc>Verifies that element ``locator`` is found on the current page.</doc>
<msg timestamp="20220622 14:42:11.715" level="INFO">Current page contains element 'class=uiHeaderTitle'.</msg>
<status status="PASS" starttime="20220622 14:42:11.708" endtime="20220622 14:42:11.715"/>
</kw>
<status status="PASS" starttime="20220622 14:42:11.666" endtime="20220622 14:42:11.715"/>
</kw>
<kw name="close my browser" library="RegistrationKeywords">
<kw name="Close All Browsers" library="SeleniumLibrary">
<doc>Closes all open browsers and resets the browser cache.</doc>
<status status="PASS" starttime="20220622 14:42:11.715" endtime="20220622 14:42:11.834"/>
</kw>
<status status="PASS" starttime="20220622 14:42:11.715" endtime="20220622 14:42:11.835"/>
</kw>
<kw name="Log To Console" library="BuiltIn">
<arg>" FacebookRegistration1 test Case succeded"</arg>
<doc>Logs the given message to the console.</doc>
<status status="PASS" starttime="20220622 14:42:11.835" endtime="20220622 14:42:11.835"/>
</kw>
<status status="PASS" starttime="20220622 14:40:59.026" endtime="20220622 14:42:11.835"/>
</branch>
<branch type="EXCEPT">
<kw name="Log To Console" library="BuiltIn">
<arg>" FacebookRegistration1 test Case failed "</arg>
<doc>Logs the given message to the console.</doc>
<status status="NOT RUN" starttime="20220622 14:42:11.835" endtime="20220622 14:42:11.835"/>
</kw>
<kw name="close my browser" library="RegistrationKeywords">
<status status="NOT RUN" starttime="20220622 14:42:11.835" endtime="20220622 14:42:11.835"/>
</kw>
<status status="NOT RUN" starttime="20220622 14:42:11.835" endtime="20220622 14:42:11.835"/>
</branch>
<status status="PASS" starttime="20220622 14:40:59.026" endtime="20220622 14:42:11.835"/>
</try>
<status status="PASS" starttime="20220622 14:40:59.025" endtime="20220622 14:42:11.836"/>
</test>
<test id="s1-t2" name="FacebookRegisteration" line="50">
<try>
<branch type="TRY">
<kw name="Open my browser" library="RegistrationKeywords">
<arg>${LoginUrl}</arg>
<arg>${browser}</arg>
<kw name="Open Browser" library="SeleniumLibrary">
<arg>${LoginUrl}</arg>
<arg>${browser}</arg>
<doc>Opens a new browser instance to the optional ``url``.</doc>
<msg timestamp="20220622 14:42:11.838" level="INFO">Opening browser 'chrome' to base url 'https://en-gb.facebook.com/'.</msg>
<status status="PASS" starttime="20220622 14:42:11.838" endtime="20220622 14:42:15.297"/>
</kw>
<kw name="Maximize Browser Window" library="SeleniumLibrary">
<doc>Maximizes current browser window.</doc>
<status status="PASS" starttime="20220622 14:42:15.297" endtime="20220622 14:42:15.430"/>
</kw>
<status status="PASS" starttime="20220622 14:42:11.837" endtime="20220622 14:42:15.430"/>
</kw>
<kw name="Sleep" library="BuiltIn">
<arg>10s</arg>
<doc>Pauses the test executed for the given time.</doc>
<msg timestamp="20220622 14:42:25.431" level="INFO">Slept 10 seconds</msg>
<status status="PASS" starttime="20220622 14:42:15.430" endtime="20220622 14:42:25.431"/>
</kw>
<kw name="Click Create New Account" library="RegistrationKeywords">
<kw name="Click Element" library="SeleniumLibrary">
<arg>${btn_create_new_account}</arg>
<doc>Click the element identified by ``locator``.</doc>
<msg timestamp="20220622 14:42:25.432" level="INFO">Clicking element 'xpath://*[text()='Create New Account']'.</msg>
<status status="PASS" starttime="20220622 14:42:25.432" endtime="20220622 14:42:25.483"/>
</kw>
<status status="PASS" starttime="20220622 14:42:25.432" endtime="20220622 14:42:25.484"/>
</kw>
<kw name="Sleep" library="BuiltIn">
<arg>3s</arg>
<doc>Pauses the test executed for the given time.</doc>
<msg timestamp="20220622 14:42:28.486" level="INFO">Slept 3 seconds</msg>
<status status="PASS" starttime="20220622 14:42:25.484" endtime="20220622 14:42:28.486"/>
</kw>
<kw name="Enter First Name" library="RegistrationKeywords">
<arg>${First_Name}</arg>
<kw name="Input Text" library="SeleniumLibrary">
<arg>${txt_first_name}</arg>
<arg>${firstName}</arg>
<doc>Types the given ``text`` into the text field identified by ``locator``.</doc>
<msg timestamp="20220622 14:42:28.488" level="INFO">Typing text 'hassan' into text field 'name:firstname'.</msg>
<status status="PASS" starttime="20220622 14:42:28.487" endtime="20220622 14:42:28.615"/>
</kw>
<status status="PASS" starttime="20220622 14:42:28.486" endtime="20220622 14:42:28.615"/>
</kw>
<kw name="Enter Last Name" library="RegistrationKeywords">
<arg>${Last_Name}</arg>
<kw name="Input Text" library="SeleniumLibrary">
<arg>${txt_last_name}</arg>
<arg>${lastName}</arg>
<doc>Types the given ``text`` into the text field identified by ``locator``.</doc>
<msg timestamp="20220622 14:42:28.617" level="INFO">Typing text 'Tarek' into text field 'name:lastname'.</msg>
<status status="PASS" starttime="20220622 14:42:28.617" endtime="20220622 14:42:28.710"/>
</kw>
<status status="PASS" starttime="20220622 14:42:28.615" endtime="20220622 14:42:28.710"/>
</kw>
<kw name="Enter Registration Email" library="RegistrationKeywords">
<arg>${Registration_Email}</arg>
<kw name="Input Text" library="SeleniumLibrary">
<arg>${txt_reg_email}</arg>
<arg>${registrationEmail}</arg>
<doc>Types the given ``text`` into the text field identified by ``locator``.</doc>
<msg timestamp="20220622 14:42:28.711" level="INFO">Typing text 'hassan_tarek@yahoo.com' into text field 'name:reg_email__'.</msg>
<status status="PASS" starttime="20220622 14:42:28.711" endtime="20220622 14:42:28.855"/>
</kw>
<status status="PASS" starttime="20220622 14:42:28.710" endtime="20220622 14:42:28.855"/>
</kw>
<kw name="Sleep" library="BuiltIn">
<arg>3s</arg>
<doc>Pauses the test executed for the given time.</doc>
<msg timestamp="20220622 14:42:31.856" level="INFO">Slept 3 seconds</msg>
<status status="PASS" starttime="20220622 14:42:28.855" endtime="20220622 14:42:31.856"/>
</kw>
<kw name="Enter Registration Email Confirmation" library="RegistrationKeywords">
<arg>${Registration_Email_Confirmation}</arg>
<kw name="Input Text" library="SeleniumLibrary">
<arg>${txt_reg_email_confirmation}</arg>
<arg>${registrationEmailConfirmation}</arg>
<doc>Types the given ``text`` into the text field identified by ``locator``.</doc>
<msg timestamp="20220622 14:42:31.857" level="INFO">Typing text 'hassan_tarek@yahoo.com' into text field 'name:reg_email_confirmation__'.</msg>
<status status="PASS" starttime="20220622 14:42:31.857" endtime="20220622 14:42:31.969"/>
</kw>
<status status="PASS" starttime="20220622 14:42:31.856" endtime="20220622 14:42:31.969"/>
</kw>
<kw name="Enter Registration Password" library="RegistrationKeywords">
<arg>${Invalid_Registration_Pwd}</arg>
<kw name="Input Text" library="SeleniumLibrary">
<arg>${txt_reg_password}</arg>
<arg>${registrationPassword}</arg>
<doc>Types the given ``text`` into the text field identified by ``locator``.</doc>
<msg timestamp="20220622 14:42:31.971" level="INFO">Typing text '2525' into text field 'id:password_step_input'.</msg>
<status status="PASS" starttime="20220622 14:42:31.970" endtime="20220622 14:42:32.067"/>
</kw>
<status status="PASS" starttime="20220622 14:42:31.969" endtime="20220622 14:42:32.068"/>
</kw>
<kw name="Select Day" library="RegistrationKeywords">
<arg>${Day}</arg>
<kw name="Select From List By Index" library="SeleniumLibrary">
<arg>${ddl_day}</arg>
<arg>${day}</arg>
<doc>Selects options from selection list ``locator`` by ``indexes``.</doc>
<msg timestamp="20220622 14:42:32.069" level="INFO">Selecting options from selection list 'name=birthday_day' by index 1.</msg>
<status status="PASS" starttime="20220622 14:42:32.068" endtime="20220622 14:42:32.187"/>
</kw>
<status status="PASS" starttime="20220622 14:42:32.068" endtime="20220622 14:42:32.188"/>
</kw>
<kw name="Select Month" library="RegistrationKeywords">
<arg>${Month}</arg>
<kw name="Select From List By Index" library="SeleniumLibrary">
<arg>${ddl_month}</arg>
<arg>${month}</arg>
<doc>Selects options from selection list ``locator`` by ``indexes``.</doc>
<msg timestamp="20220622 14:42:32.190" level="INFO">Selecting options from selection list 'name:birthday_month' by index 2.</msg>
<status status="PASS" starttime="20220622 14:42:32.189" endtime="20220622 14:42:32.288"/>
</kw>
<status status="PASS" starttime="20220622 14:42:32.188" endtime="20220622 14:42:32.288"/>
</kw>
<kw name="Select Year" library="RegistrationKeywords">
<arg>${Year}</arg>
<kw name="Select From List By Index" library="SeleniumLibrary">
<arg>${ddl_year}</arg>
<arg>${year}</arg>
<doc>Selects options from selection list ``locator`` by ``indexes``.</doc>
<msg timestamp="20220622 14:42:32.290" level="INFO">Selecting options from selection list 'name:birthday_year' by index 100.</msg>
<status status="PASS" starttime="20220622 14:42:32.289" endtime="20220622 14:42:33.227"/>
</kw>
<status status="PASS" starttime="20220622 14:42:32.288" endtime="20220622 14:42:33.227"/>
</kw>
<kw name="Select Radio Button" library="SeleniumLibrary">
<arg>sex</arg>
<arg>1</arg>
<doc>Sets the radio button group ``group_name`` to ``value``.</doc>
<msg timestamp="20220622 14:42:33.228" level="INFO">Selecting '1' from radio button 'sex'.</msg>
<status status="PASS" starttime="20220622 14:42:33.227" endtime="20220622 14:42:33.286"/>
</kw>
<kw name="click Sign Up" library="RegistrationKeywords">
<kw name="Click Button" library="SeleniumLibrary">
<arg>${btn_Sign_up}</arg>
<doc>Clicks the button identified by ``locator``.</doc>
<msg timestamp="20220622 14:42:33.287" level="INFO">Clicking button 'name:websubmit'.</msg>
<status status="PASS" starttime="20220622 14:42:33.287" endtime="20220622 14:42:33.348"/>
</kw>
<status status="PASS" starttime="20220622 14:42:33.286" endtime="20220622 14:42:33.348"/>
</kw>
<kw name="Sleep" library="BuiltIn">
<arg>10s</arg>
<doc>Pauses the test executed for the given time.</doc>
<msg timestamp="20220622 14:42:43.350" level="INFO">Slept 10 seconds</msg>
<status status="PASS" starttime="20220622 14:42:33.348" endtime="20220622 14:42:43.350"/>
</kw>
<kw name="Verify Password Error Message" library="RegistrationKeywords">
<kw name="Wait Until Page Contains Element" library="SeleniumLibrary">
<arg>id:reg_error_inner</arg>
<doc>Waits until the element ``locator`` appears on the current page.</doc>
<status status="PASS" starttime="20220622 14:42:43.351" endtime="20220622 14:42:43.360"/>
</kw>
<kw name="Page Should Contain Element" library="SeleniumLibrary">
<arg>id:reg_error_inner</arg>
<doc>Verifies that element ``locator`` is found on the current page.</doc>
<msg timestamp="20220622 14:42:43.365" level="INFO">Current page contains element 'id:reg_error_inner'.</msg>
<status status="PASS" starttime="20220622 14:42:43.361" endtime="20220622 14:42:43.365"/>
</kw>
<status status="PASS" starttime="20220622 14:42:43.351" endtime="20220622 14:42:43.365"/>
</kw>
<kw name="close my browser" library="RegistrationKeywords">
<kw name="Close All Browsers" library="SeleniumLibrary">
<doc>Closes all open browsers and resets the browser cache.</doc>
<status status="PASS" starttime="20220622 14:42:43.366" endtime="20220622 14:42:43.487"/>
</kw>
<status status="PASS" starttime="20220622 14:42:43.366" endtime="20220622 14:42:43.487"/>
</kw>
<kw name="Log To Console" library="BuiltIn">
<arg>" FacebookRegistration2 test Case succeded"</arg>
<doc>Logs the given message to the console.</doc>
<status status="PASS" starttime="20220622 14:42:43.487" endtime="20220622 14:42:43.487"/>
</kw>
<status status="PASS" starttime="20220622 14:42:11.837" endtime="20220622 14:42:43.487"/>
</branch>
<branch type="EXCEPT">
<kw name="Log To Console" library="BuiltIn">
<arg>" FacebookRegistration2 test Case failed "</arg>
<doc>Logs the given message to the console.</doc>
<status status="NOT RUN" starttime="20220622 14:42:43.488" endtime="20220622 14:42:43.488"/>
</kw>
<kw name="close my browser" library="RegistrationKeywords">
<status status="NOT RUN" starttime="20220622 14:42:43.488" endtime="20220622 14:42:43.488"/>
</kw>
<status status="NOT RUN" starttime="20220622 14:42:43.488" endtime="20220622 14:42:43.488"/>
</branch>
<status status="PASS" starttime="20220622 14:42:11.837" endtime="20220622 14:42:43.488"/>
</try>
<status status="PASS" starttime="20220622 14:42:11.837" endtime="20220622 14:42:43.489"/>
</test>
<status status="PASS" starttime="20220622 14:40:58.752" endtime="20220622 14:42:43.490"/>
</suite>
<statistics>
<total>
<stat pass="2" fail="0" skip="0">All Tests</stat>
</total>
<tag>
</tag>
<suite>
<stat pass="2" fail="0" skip="0" id="s1" name="RegistrationTest">RegistrationTest</stat>
</suite>
</statistics>
<errors>
<msg timestamp="20220622 14:42:11.836" level="WARN">Multiple tests with name 'FacebookRegisteration' executed in suite 'RegistrationTest'.</msg>
</errors>
</robot>
